{"/home/guido/storywriter/frontend/__tests__/testutils.ts": {"path":"/home/guido/storywriter/frontend/__tests__/testutils.ts","statementMap":{"0":{"start":{"line":2,"column":0},"end":{"line":2,"column":54}},"1":{"start":{"line":12,"column":13},"end":{"line":12,"column":56}},"2":{"start":{"line":13,"column":13},"end":{"line":13,"column":null}},"3":{"start":{"line":15,"column":13},"end":{"line":15,"column":29}},"4":{"start":{"line":16,"column":13},"end":{"line":16,"column":51}},"5":{"start":{"line":18,"column":13},"end":{"line":18,"column":36}},"6":{"start":{"line":21,"column":4},"end":{"line":21,"column":53}},"7":{"start":{"line":20,"column":0},"end":{"line":20,"column":16}},"8":{"start":{"line":25,"column":4},"end":{"line":25,"column":40}},"9":{"start":{"line":26,"column":4},"end":{"line":26,"column":56}},"10":{"start":{"line":27,"column":4},"end":{"line":27,"column":50}},"11":{"start":{"line":24,"column":0},"end":{"line":24,"column":22}},"12":{"start":{"line":32,"column":24},"end":{"line":32,"column":null}},"13":{"start":{"line":32,"column":10},"end":{"line":32,"column":null}},"14":{"start":{"line":34,"column":4},"end":{"line":36,"column":null}},"15":{"start":{"line":35,"column":8},"end":{"line":35,"column":79}},"16":{"start":{"line":38,"column":11},"end":{"line":38,"column":36}},"17":{"start":{"line":38,"column":4},"end":{"line":38,"column":36}},"18":{"start":{"line":31,"column":0},"end":{"line":31,"column":22}},"19":{"start":{"line":42,"column":17},"end":{"line":42,"column":32}},"20":{"start":{"line":43,"column":25},"end":{"line":43,"column":58}},"21":{"start":{"line":44,"column":4},"end":{"line":44,"column":24}},"22":{"start":{"line":48,"column":10},"end":{"line":48,"column":29}},"23":{"start":{"line":50,"column":8},"end":{"line":53,"column":null}},"24":{"start":{"line":51,"column":12},"end":{"line":51,"column":57}},"25":{"start":{"line":52,"column":12},"end":{"line":52,"column":29}},"26":{"start":{"line":54,"column":21},"end":{"line":54,"column":null}},"27":{"start":{"line":54,"column":14},"end":{"line":54,"column":null}},"28":{"start":{"line":55,"column":8},"end":{"line":55,"column":44}},"29":{"start":{"line":57,"column":8},"end":{"line":57,"column":66}},"30":{"start":{"line":58,"column":8},"end":{"line":58,"column":25}},"31":{"start":{"line":47,"column":0},"end":{"line":47,"column":22}},"32":{"start":{"line":63,"column":10},"end":{"line":63,"column":29}},"33":{"start":{"line":66,"column":14},"end":{"line":66,"column":47}},"34":{"start":{"line":67,"column":8},"end":{"line":73,"column":11}},"35":{"start":{"line":68,"column":12},"end":{"line":72,"column":null}},"36":{"start":{"line":69,"column":16},"end":{"line":69,"column":61}},"37":{"start":{"line":71,"column":16},"end":{"line":71,"column":62}},"38":{"start":{"line":75,"column":8},"end":{"line":75,"column":60}},"39":{"start":{"line":76,"column":8},"end":{"line":76,"column":20}},"40":{"start":{"line":62,"column":0},"end":{"line":62,"column":22}},"41":{"start":{"line":82,"column":10},"end":{"line":82,"column":46}},"42":{"start":{"line":83,"column":4},"end":{"line":85,"column":null}},"43":{"start":{"line":84,"column":8},"end":{"line":84,"column":75}},"44":{"start":{"line":87,"column":4},"end":{"line":87,"column":48}},"45":{"start":{"line":88,"column":28},"end":{"line":93,"column":null}},"46":{"start":{"line":88,"column":10},"end":{"line":93,"column":null}},"47":{"start":{"line":95,"column":8},"end":{"line":95,"column":9}},"48":{"start":{"line":96,"column":26},"end":{"line":96,"column":null}},"49":{"start":{"line":96,"column":14},"end":{"line":96,"column":null}},"50":{"start":{"line":97,"column":8},"end":{"line":97,"column":90}},"51":{"start":{"line":100,"column":4},"end":{"line":100,"column":57}},"52":{"start":{"line":81,"column":0},"end":{"line":81,"column":22}},"53":{"start":{"line":105,"column":10},"end":{"line":105,"column":29}},"54":{"start":{"line":107,"column":10},"end":{"line":107,"column":47}},"55":{"start":{"line":109,"column":8},"end":{"line":109,"column":10}},"56":{"start":{"line":111,"column":12},"end":{"line":111,"column":51}},"57":{"start":{"line":113,"column":12},"end":{"line":113,"column":66}},"58":{"start":{"line":115,"column":8},"end":{"line":115,"column":58}},"59":{"start":{"line":117,"column":8},"end":{"line":117,"column":71}},"60":{"start":{"line":104,"column":0},"end":{"line":104,"column":22}},"61":{"start":{"line":122,"column":10},"end":{"line":122,"column":46}},"62":{"start":{"line":123,"column":4},"end":{"line":125,"column":null}},"63":{"start":{"line":124,"column":8},"end":{"line":124,"column":75}},"64":{"start":{"line":126,"column":4},"end":{"line":128,"column":null}},"65":{"start":{"line":127,"column":8},"end":{"line":127,"column":71}},"66":{"start":{"line":129,"column":27},"end":{"line":133,"column":null}},"67":{"start":{"line":129,"column":10},"end":{"line":133,"column":null}},"68":{"start":{"line":135,"column":8},"end":{"line":135,"column":9}},"69":{"start":{"line":136,"column":26},"end":{"line":136,"column":null}},"70":{"start":{"line":136,"column":14},"end":{"line":136,"column":null}},"71":{"start":{"line":137,"column":8},"end":{"line":137,"column":88}},"72":{"start":{"line":140,"column":4},"end":{"line":140,"column":45}},"73":{"start":{"line":121,"column":0},"end":{"line":121,"column":22}},"74":{"start":{"line":144,"column":10},"end":{"line":144,"column":29}},"75":{"start":{"line":145,"column":10},"end":{"line":145,"column":47}},"76":{"start":{"line":146,"column":8},"end":{"line":146,"column":10}},"77":{"start":{"line":148,"column":25},"end":{"line":148,"column":null}},"78":{"start":{"line":148,"column":18},"end":{"line":148,"column":null}},"79":{"start":{"line":149,"column":18},"end":{"line":149,"column":54}},"80":{"start":{"line":150,"column":12},"end":{"line":150,"column":35}},"81":{"start":{"line":151,"column":12},"end":{"line":156,"column":15}},"82":{"start":{"line":152,"column":16},"end":{"line":154,"column":null}},"83":{"start":{"line":153,"column":20},"end":{"line":153,"column":72}},"84":{"start":{"line":155,"column":16},"end":{"line":155,"column":75}},"85":{"start":{"line":158,"column":12},"end":{"line":158,"column":70}},"86":{"start":{"line":143,"column":0},"end":{"line":143,"column":22}},"87":{"start":{"line":164,"column":4},"end":{"line":164,"column":77}},"88":{"start":{"line":166,"column":23},"end":{"line":166,"column":null}},"89":{"start":{"line":166,"column":10},"end":{"line":166,"column":null}},"90":{"start":{"line":167,"column":4},"end":{"line":173,"column":null}},"91":{"start":{"line":168,"column":8},"end":{"line":168,"column":45}},"92":{"start":{"line":169,"column":8},"end":{"line":169,"column":21}},"93":{"start":{"line":171,"column":8},"end":{"line":171,"column":41}},"94":{"start":{"line":172,"column":8},"end":{"line":172,"column":20}},"95":{"start":{"line":163,"column":0},"end":{"line":163,"column":22}},"96":{"start":{"line":177,"column":8},"end":{"line":177,"column":36}},"97":{"start":{"line":177,"column":4},"end":{"line":180,"column":null}},"98":{"start":{"line":178,"column":8},"end":{"line":178,"column":65}},"99":{"start":{"line":179,"column":8},"end":{"line":179,"column":15}},"100":{"start":{"line":181,"column":4},"end":{"line":181,"column":62}},"101":{"start":{"line":182,"column":4},"end":{"line":182,"column":82}},"102":{"start":{"line":183,"column":23},"end":{"line":183,"column":null}},"103":{"start":{"line":183,"column":10},"end":{"line":183,"column":null}},"104":{"start":{"line":184,"column":26},"end":{"line":184,"column":null}},"105":{"start":{"line":184,"column":10},"end":{"line":184,"column":null}},"106":{"start":{"line":185,"column":4},"end":{"line":187,"column":null}},"107":{"start":{"line":186,"column":8},"end":{"line":186,"column":61}},"108":{"start":{"line":188,"column":4},"end":{"line":188,"column":42}},"109":{"start":{"line":189,"column":4},"end":{"line":189,"column":48}},"110":{"start":{"line":190,"column":4},"end":{"line":190,"column":46}},"111":{"start":{"line":192,"column":24},"end":{"line":192,"column":null}},"112":{"start":{"line":192,"column":10},"end":{"line":192,"column":null}},"113":{"start":{"line":193,"column":4},"end":{"line":195,"column":null}},"114":{"start":{"line":194,"column":8},"end":{"line":194,"column":50}},"115":{"start":{"line":196,"column":4},"end":{"line":196,"column":30}},"116":{"start":{"line":197,"column":4},"end":{"line":197,"column":67}},"117":{"start":{"line":199,"column":4},"end":{"line":199,"column":64}},"118":{"start":{"line":200,"column":4},"end":{"line":200,"column":76}},"119":{"start":{"line":176,"column":0},"end":{"line":176,"column":22}}},"fnMap":{"0":{"name":"expectingToTakeSeconds","decl":{"start":{"line":20,"column":16},"end":{"line":20,"column":38}},"loc":{"start":{"line":20,"column":60},"end":{"line":22,"column":1}}},"1":{"name":"navigateToPage","decl":{"start":{"line":24,"column":22},"end":{"line":24,"column":36}},"loc":{"start":{"line":24,"column":60},"end":{"line":28,"column":null}}},"2":{"name":"getUserProfile","decl":{"start":{"line":31,"column":22},"end":{"line":31,"column":36}},"loc":{"start":{"line":31,"column":48},"end":{"line":39,"column":null}}},"3":{"name":"getTestUserFilename","decl":{"start":{"line":41,"column":9},"end":{"line":41,"column":28}},"loc":{"start":{"line":41,"column":28},"end":{"line":45,"column":1}}},"4":{"name":"readTestUserFromFile","decl":{"start":{"line":47,"column":22},"end":{"line":47,"column":42}},"loc":{"start":{"line":47,"column":42},"end":{"line":60,"column":null}}},"5":{"name":"saveTestUserToFile","decl":{"start":{"line":62,"column":22},"end":{"line":62,"column":40}},"loc":{"start":{"line":62,"column":55},"end":{"line":78,"column":null}}},"6":{"name":"(anonymous_27)","decl":{"start":{"line":67,"column":76},"end":{"line":67,"column":77}},"loc":{"start":{"line":67,"column":85},"end":{"line":73,"column":9}}},"7":{"name":"upgradeUserToPremium","decl":{"start":{"line":81,"column":22},"end":{"line":81,"column":42}},"loc":{"start":{"line":81,"column":60},"end":{"line":101,"column":null}}},"8":{"name":"deleteTestUserFile","decl":{"start":{"line":104,"column":22},"end":{"line":104,"column":40}},"loc":{"start":{"line":104,"column":40},"end":{"line":119,"column":null}}},"9":{"name":"deleteUser","decl":{"start":{"line":121,"column":22},"end":{"line":121,"column":32}},"loc":{"start":{"line":121,"column":51},"end":{"line":141,"column":null}}},"10":{"name":"deleteExistingTestUser","decl":{"start":{"line":143,"column":22},"end":{"line":143,"column":44}},"loc":{"start":{"line":143,"column":44},"end":{"line":161,"column":null}}},"11":{"name":"(anonymous_40)","decl":{"start":{"line":146,"column":32},"end":{"line":146,"column":40}},"loc":{"start":{"line":146,"column":32},"end":{"line":146,"column":41}}},"12":{"name":"(anonymous_41)","decl":{"start":{"line":151,"column":36},"end":{"line":151,"column":37}},"loc":{"start":{"line":151,"column":45},"end":{"line":156,"column":13}}},"13":{"name":"isUserLoggedIn","decl":{"start":{"line":163,"column":22},"end":{"line":163,"column":36}},"loc":{"start":{"line":163,"column":47},"end":{"line":174,"column":null}}},"14":{"name":"loginToSite","decl":{"start":{"line":176,"column":22},"end":{"line":176,"column":33}},"loc":{"start":{"line":176,"column":64},"end":{"line":201,"column":null}}}},"branchMap":{"0":{"loc":{"start":{"line":32,"column":24},"end":{"line":32,"column":null}},"type":"switch","locations":[{"start":{"line":32,"column":24},"end":{"line":32,"column":null}},{"start":{"line":38,"column":4},"end":{"line":38,"column":36}}]},"1":{"loc":{"start":{"line":34,"column":4},"end":{"line":36,"column":null}},"type":"if","locations":[{"start":{"line":34,"column":4},"end":{"line":36,"column":null}}]},"2":{"loc":{"start":{"line":50,"column":8},"end":{"line":53,"column":null}},"type":"if","locations":[{"start":{"line":50,"column":8},"end":{"line":53,"column":null}}]},"3":{"loc":{"start":{"line":68,"column":12},"end":{"line":72,"column":null}},"type":"if","locations":[{"start":{"line":68,"column":12},"end":{"line":72,"column":null}},{"start":{"line":70,"column":19},"end":{"line":72,"column":null}}]},"4":{"loc":{"start":{"line":83,"column":4},"end":{"line":85,"column":null}},"type":"if","locations":[{"start":{"line":83,"column":4},"end":{"line":85,"column":null}}]},"5":{"loc":{"start":{"line":95,"column":8},"end":{"line":95,"column":9}},"type":"if","locations":[{"start":{"line":95,"column":8},"end":{"line":95,"column":9}}]},"6":{"loc":{"start":{"line":109,"column":8},"end":{"line":109,"column":10}},"type":"if","locations":[{"start":{"line":109,"column":8},"end":{"line":109,"column":10}}]},"7":{"loc":{"start":{"line":123,"column":4},"end":{"line":125,"column":null}},"type":"if","locations":[{"start":{"line":123,"column":4},"end":{"line":125,"column":null}}]},"8":{"loc":{"start":{"line":126,"column":4},"end":{"line":128,"column":null}},"type":"if","locations":[{"start":{"line":126,"column":4},"end":{"line":128,"column":null}}]},"9":{"loc":{"start":{"line":126,"column":8},"end":{"line":126,"column":37}},"type":"binary-expr","locations":[{"start":{"line":126,"column":8},"end":{"line":126,"column":17}},{"start":{"line":126,"column":21},"end":{"line":126,"column":37}}]},"10":{"loc":{"start":{"line":135,"column":8},"end":{"line":135,"column":9}},"type":"if","locations":[{"start":{"line":135,"column":8},"end":{"line":135,"column":9}}]},"11":{"loc":{"start":{"line":146,"column":8},"end":{"line":146,"column":10}},"type":"if","locations":[{"start":{"line":146,"column":8},"end":{"line":146,"column":10}}]},"12":{"loc":{"start":{"line":152,"column":16},"end":{"line":154,"column":null}},"type":"if","locations":[{"start":{"line":152,"column":16},"end":{"line":154,"column":null}}]},"13":{"loc":{"start":{"line":164,"column":4},"end":{"line":164,"column":77}},"type":"switch","locations":[{"start":{"line":164,"column":4},"end":{"line":164,"column":77}}]},"14":{"loc":{"start":{"line":167,"column":4},"end":{"line":173,"column":null}},"type":"if","locations":[{"start":{"line":167,"column":4},"end":{"line":173,"column":null}},{"start":{"line":170,"column":11},"end":{"line":173,"column":null}}]},"15":{"loc":{"start":{"line":177,"column":8},"end":{"line":177,"column":36}},"type":"switch","locations":[{"start":{"line":177,"column":8},"end":{"line":177,"column":36}}]},"16":{"loc":{"start":{"line":177,"column":4},"end":{"line":180,"column":null}},"type":"if","locations":[{"start":{"line":177,"column":4},"end":{"line":180,"column":null}}]},"17":{"loc":{"start":{"line":185,"column":4},"end":{"line":187,"column":null}},"type":"if","locations":[{"start":{"line":185,"column":4},"end":{"line":187,"column":null}}]},"18":{"loc":{"start":{"line":185,"column":8},"end":{"line":185,"column":37}},"type":"binary-expr","locations":[{"start":{"line":185,"column":8},"end":{"line":185,"column":19}},{"start":{"line":185,"column":23},"end":{"line":185,"column":37}}]},"19":{"loc":{"start":{"line":193,"column":4},"end":{"line":195,"column":null}},"type":"if","locations":[{"start":{"line":193,"column":4},"end":{"line":195,"column":null}}]}},"s":{"0":4,"1":4,"2":4,"3":4,"4":4,"5":4,"6":17,"7":4,"8":1,"9":2,"10":1,"11":4,"12":1,"13":1,"14":0,"15":0,"16":0,"17":0,"18":4,"19":5,"20":5,"21":5,"22":2,"23":2,"24":2,"25":2,"26":0,"27":0,"28":0,"29":0,"30":0,"31":4,"32":0,"33":0,"34":0,"35":0,"36":0,"37":0,"38":0,"39":0,"40":4,"41":0,"42":0,"43":0,"44":0,"45":0,"46":0,"47":0,"48":0,"49":0,"50":0,"51":0,"52":4,"53":1,"54":1,"55":1,"56":2,"57":0,"58":1,"59":0,"60":4,"61":0,"62":0,"63":0,"64":0,"65":0,"66":0,"67":0,"68":0,"69":0,"70":0,"71":0,"72":0,"73":4,"74":2,"75":2,"76":4,"77":0,"78":0,"79":0,"80":0,"81":0,"82":0,"83":0,"84":0,"85":0,"86":4,"87":0,"88":0,"89":0,"90":0,"91":0,"92":0,"93":0,"94":0,"95":4,"96":0,"97":0,"98":0,"99":0,"100":0,"101":0,"102":0,"103":0,"104":0,"105":0,"106":0,"107":0,"108":0,"109":0,"110":0,"111":0,"112":0,"113":0,"114":0,"115":0,"116":0,"117":0,"118":0,"119":4},"f":{"0":17,"1":1,"2":1,"3":5,"4":2,"5":0,"6":0,"7":0,"8":1,"9":0,"10":2,"11":2,"12":0,"13":0,"14":0},"b":{"0":[1,0],"1":[0],"2":[2],"3":[0,0],"4":[0],"5":[0],"6":[0],"7":[0],"8":[0],"9":[0,0],"10":[0],"11":[2],"12":[0],"13":[0],"14":[0,0],"15":[0],"16":[0],"17":[0],"18":[0,0],"19":[0]}}
,"/home/guido/storywriter/frontend/src/services/request.ts": {"path":"/home/guido/storywriter/frontend/src/services/request.ts","statementMap":{"0":{"start":{"line":1,"column":47},"end":{"line":1,"column":90}},"1":{"start":{"line":2,"column":4},"end":{"line":4,"column":null}},"2":{"start":{"line":3,"column":6},"end":{"line":3,"column":86}},"3":{"start":{"line":6,"column":23},"end":{"line":13,"column":null}},"4":{"start":{"line":6,"column":12},"end":{"line":13,"column":null}},"5":{"start":{"line":14,"column":10},"end":{"line":14,"column":11}},"6":{"start":{"line":15,"column":26},"end":{"line":15,"column":null}},"7":{"start":{"line":15,"column":14},"end":{"line":15,"column":null}},"8":{"start":{"line":16,"column":8},"end":{"line":16,"column":81}},"9":{"start":{"line":17,"column":8},"end":{"line":19,"column":null}},"10":{"start":{"line":18,"column":10},"end":{"line":18,"column":85}},"11":{"start":{"line":21,"column":6},"end":{"line":21,"column":22}},"12":{"start":{"line":23,"column":6},"end":{"line":23,"column":55}},"13":{"start":{"line":24,"column":6},"end":{"line":24,"column":47}},"14":{"start":{"line":1,"column":0},"end":{"line":1,"column":22}},"15":{"start":{"line":27,"column":51},"end":{"line":27,"column":94}},"16":{"start":{"line":28,"column":21},"end":{"line":28,"column":null}},"17":{"start":{"line":28,"column":10},"end":{"line":28,"column":null}},"18":{"start":{"line":29,"column":4},"end":{"line":29,"column":27}},"19":{"start":{"line":27,"column":0},"end":{"line":27,"column":22}},"20":{"start":{"line":31,"column":51},"end":{"line":31,"column":94}},"21":{"start":{"line":32,"column":21},"end":{"line":32,"column":null}},"22":{"start":{"line":32,"column":10},"end":{"line":32,"column":null}},"23":{"start":{"line":33,"column":4},"end":{"line":33,"column":27}},"24":{"start":{"line":31,"column":0},"end":{"line":31,"column":22}}},"fnMap":{"0":{"name":"getResponse","decl":{"start":{"line":1,"column":22},"end":{"line":1,"column":33}},"loc":{"start":{"line":1,"column":115},"end":{"line":26,"column":null}}},"1":{"name":"getJsonResponse","decl":{"start":{"line":27,"column":22},"end":{"line":27,"column":37}},"loc":{"start":{"line":27,"column":119},"end":{"line":30,"column":null}}},"2":{"name":"getTextResponse","decl":{"start":{"line":31,"column":22},"end":{"line":31,"column":37}},"loc":{"start":{"line":31,"column":119},"end":{"line":34,"column":null}}}},"branchMap":{"0":{"loc":{"start":{"line":1,"column":47},"end":{"line":1,"column":90}},"type":"if","locations":[{"start":{"line":1,"column":47},"end":{"line":1,"column":90}}]},"1":{"loc":{"start":{"line":21,"column":6},"end":{"line":21,"column":22}},"type":"switch","locations":[{"start":{"line":21,"column":6},"end":{"line":21,"column":22}}]},"2":{"loc":{"start":{"line":2,"column":4},"end":{"line":4,"column":null}},"type":"if","locations":[{"start":{"line":2,"column":4},"end":{"line":4,"column":null}}]},"3":{"loc":{"start":{"line":2,"column":8},"end":{"line":2,"column":76}},"type":"binary-expr","locations":[{"start":{"line":2,"column":8},"end":{"line":2,"column":14}},{"start":{"line":2,"column":18},"end":{"line":2,"column":43}},{"start":{"line":2,"column":47},"end":{"line":2,"column":76}}]},"4":{"loc":{"start":{"line":12,"column":14},"end":{"line":12,"column":53}},"type":"cond-expr","locations":[{"start":{"line":12,"column":21},"end":{"line":12,"column":41}},{"start":{"line":12,"column":44},"end":{"line":12,"column":53}}]},"5":{"loc":{"start":{"line":14,"column":10},"end":{"line":14,"column":11}},"type":"if","locations":[{"start":{"line":14,"column":10},"end":{"line":14,"column":11}}]},"6":{"loc":{"start":{"line":17,"column":8},"end":{"line":19,"column":null}},"type":"if","locations":[{"start":{"line":17,"column":8},"end":{"line":19,"column":null}}]},"7":{"loc":{"start":{"line":27,"column":51},"end":{"line":27,"column":94}},"type":"if","locations":[{"start":{"line":27,"column":51},"end":{"line":27,"column":94}}]},"8":{"loc":{"start":{"line":28,"column":21},"end":{"line":28,"column":null}},"type":"switch","locations":[{"start":{"line":28,"column":21},"end":{"line":28,"column":null}}]},"9":{"loc":{"start":{"line":31,"column":51},"end":{"line":31,"column":94}},"type":"if","locations":[{"start":{"line":31,"column":51},"end":{"line":31,"column":94}}]},"10":{"loc":{"start":{"line":32,"column":21},"end":{"line":32,"column":null}},"type":"switch","locations":[{"start":{"line":32,"column":21},"end":{"line":32,"column":null}}]}},"s":{"0":1,"1":1,"2":1,"3":0,"4":0,"5":0,"6":0,"7":0,"8":0,"9":0,"10":0,"11":0,"12":0,"13":0,"14":4,"15":0,"16":0,"17":0,"18":0,"19":4,"20":0,"21":0,"22":0,"23":0,"24":4},"f":{"0":1,"1":0,"2":0},"b":{"0":[0],"1":[0],"2":[1],"3":[1,0,0],"4":[0,0],"5":[0],"6":[0],"7":[0],"8":[0],"9":[0],"10":[0]}}
}
