TN:
SF:__tests__/testutils.ts
FN:20,expectingToTakeSeconds
FN:24,navigateToPage
FN:31,getUserProfile
FN:41,getTestUserFilename
FN:47,readTestUserFromFile
FN:62,saveTestUserToFile
FN:67,(anonymous_27)
FN:81,upgradeUserToPremium
FN:104,deleteTestUserFile
FN:121,deleteUser
FN:143,deleteExistingTestUser
FN:146,(anonymous_40)
FN:151,(anonymous_41)
FN:163,isUserLoggedIn
FN:176,loginToSite
FNF:15
FNH:8
FNDA:17,expectingToTakeSeconds
FNDA:1,navigateToPage
FNDA:1,getUserProfile
FNDA:5,getTestUserFilename
FNDA:2,readTestUserFromFile
FNDA:0,saveTestUserToFile
FNDA:0,(anonymous_27)
FNDA:0,upgradeUserToPremium
FNDA:1,deleteTestUserFile
FNDA:0,deleteUser
FNDA:2,deleteExistingTestUser
FNDA:2,(anonymous_40)
FNDA:0,(anonymous_41)
FNDA:0,isUserLoggedIn
FNDA:0,loginToSite
DA:2,4
DA:12,4
DA:13,4
DA:15,4
DA:16,4
DA:18,4
DA:20,4
DA:21,17
DA:24,4
DA:25,1
DA:26,2
DA:27,1
DA:31,4
DA:32,1
DA:34,0
DA:35,0
DA:38,0
DA:42,5
DA:43,5
DA:44,5
DA:47,4
DA:48,2
DA:50,2
DA:51,2
DA:52,2
DA:54,0
DA:55,0
DA:57,0
DA:58,0
DA:62,4
DA:63,0
DA:66,0
DA:67,0
DA:68,0
DA:69,0
DA:71,0
DA:75,0
DA:76,0
DA:81,4
DA:82,0
DA:83,0
DA:84,0
DA:87,0
DA:88,0
DA:95,0
DA:96,0
DA:97,0
DA:100,0
DA:104,4
DA:105,1
DA:107,1
DA:109,1
DA:111,2
DA:113,0
DA:115,1
DA:117,0
DA:121,4
DA:122,0
DA:123,0
DA:124,0
DA:126,0
DA:127,0
DA:129,0
DA:135,0
DA:136,0
DA:137,0
DA:140,0
DA:143,4
DA:144,2
DA:145,2
DA:146,4
DA:148,0
DA:149,0
DA:150,0
DA:151,0
DA:152,0
DA:153,0
DA:155,0
DA:158,0
DA:163,4
DA:164,0
DA:166,0
DA:167,0
DA:168,0
DA:169,0
DA:171,0
DA:172,0
DA:176,4
DA:177,0
DA:178,0
DA:179,0
DA:181,0
DA:182,0
DA:183,0
DA:184,0
DA:185,0
DA:186,0
DA:188,0
DA:189,0
DA:190,0
DA:192,0
DA:193,0
DA:194,0
DA:196,0
DA:197,0
DA:199,0
DA:200,0
LF:107
LH:37
BRDA:32,0,0,1
BRDA:32,0,1,0
BRDA:34,1,0,0
BRDA:50,2,0,2
BRDA:68,3,0,0
BRDA:68,3,1,0
BRDA:83,4,0,0
BRDA:95,5,0,0
BRDA:109,6,0,0
BRDA:123,7,0,0
BRDA:126,8,0,0
BRDA:126,9,0,0
BRDA:126,9,1,0
BRDA:135,10,0,0
BRDA:146,11,0,2
BRDA:152,12,0,0
BRDA:164,13,0,0
BRDA:167,14,0,0
BRDA:167,14,1,0
BRDA:177,15,0,0
BRDA:177,16,0,0
BRDA:185,17,0,0
BRDA:185,18,0,0
BRDA:185,18,1,0
BRDA:193,19,0,0
BRF:25
BRH:3
end_of_record
TN:
SF:src/services/request.ts
FN:1,getResponse
FN:27,getJsonResponse
FN:31,getTextResponse
FNF:3
FNH:1
FNDA:1,getResponse
FNDA:0,getJsonResponse
FNDA:0,getTextResponse
DA:1,4
DA:2,1
DA:3,1
DA:6,0
DA:14,0
DA:15,0
DA:16,0
DA:17,0
DA:18,0
DA:21,0
DA:23,0
DA:24,0
DA:27,4
DA:28,0
DA:29,0
DA:31,4
DA:32,0
DA:33,0
LF:18
LH:5
BRDA:1,0,0,0
BRDA:21,1,0,0
BRDA:2,2,0,1
BRDA:2,3,0,1
BRDA:2,3,1,0
BRDA:2,3,2,0
BRDA:12,4,0,0
BRDA:12,4,1,0
BRDA:14,5,0,0
BRDA:17,6,0,0
BRDA:27,7,0,0
BRDA:28,8,0,0
BRDA:31,9,0,0
BRDA:32,10,0,0
BRF:14
BRH:2
end_of_record
