TN:
SF:src/components/AiDropdown/AiDropdown.tsx
FN:60,(anonymous_9)
FN:102,(anonymous_10)
FN:112,(anonymous_11)
FN:113,(anonymous_12)
FN:121,(anonymous_13)
FN:126,(anonymous_14)
FN:130,(anonymous_15)
FN:139,(anonymous_16)
FN:168,(anonymous_17)
FN:174,(anonymous_18)
FN:187,(anonymous_19)
FN:193,(anonymous_20)
FN:214,(anonymous_21)
FN:223,(anonymous_22)
FN:243,(anonymous_23)
FN:249,(anonymous_24)
FN:359,(anonymous_25)
FN:365,(anonymous_26)
FNF:18
FNH:17
FNDA:111,(anonymous_9)
FNDA:88,(anonymous_10)
FNDA:56,(anonymous_11)
FNDA:3,(anonymous_12)
FNDA:18,(anonymous_13)
FNDA:57,(anonymous_14)
FNDA:25,(anonymous_15)
FNDA:19,(anonymous_16)
FNDA:17,(anonymous_17)
FNDA:25,(anonymous_18)
FNDA:3,(anonymous_19)
FNDA:0,(anonymous_20)
FNDA:1,(anonymous_21)
FNDA:3,(anonymous_22)
FNDA:1,(anonymous_23)
FNDA:1,(anonymous_24)
FNDA:158,(anonymous_25)
FNDA:2,(anonymous_26)
DA:1,1
DA:2,1
DA:3,1
DA:4,1
DA:60,1
DA:86,111
DA:87,111
DA:88,111
DA:89,111
DA:91,111
DA:92,111
DA:93,111
DA:95,111
DA:96,111
DA:97,111
DA:98,111
DA:101,111
DA:103,88
DA:104,48
DA:106,40
DA:112,111
DA:113,56
DA:114,3
DA:115,1
DA:119,56
DA:120,18
DA:121,18
DA:126,111
DA:127,57
DA:130,111
DA:131,25
DA:132,24
DA:134,25
DA:135,1
DA:139,111
DA:140,19
DA:142,19
DA:143,18
DA:147,19
DA:148,7
DA:149,7
DA:150,7
DA:151,0
DA:152,0
DA:154,0
DA:158,19
DA:159,5
DA:163,19
DA:164,3
DA:168,111
DA:169,17
DA:170,14
DA:174,111
DA:175,25
DA:176,3
DA:177,1
DA:178,1
DA:179,1
DA:181,3
DA:184,22
DA:186,3
DA:187,3
DA:188,3
DA:190,3
DA:192,0
DA:193,0
DA:194,0
DA:196,0
DA:198,1
DA:199,1
DA:200,1
DA:202,1
DA:204,2
DA:205,2
DA:206,2
DA:207,2
DA:209,0
DA:210,0
DA:214,111
DA:215,1
DA:216,1
DA:217,1
DA:218,1
DA:223,111
DA:224,3
DA:226,2
DA:227,2
DA:230,2
DA:231,1
DA:234,2
DA:235,2
DA:238,2
DA:239,2
DA:240,2
DA:243,111
DA:244,1
DA:245,1
DA:249,111
DA:250,1
DA:251,1
DA:252,0
DA:254,1
DA:255,1
DA:256,1
DA:257,1
DA:259,1
DA:260,1
DA:262,1
DA:266,111
DA:267,111
DA:268,111
DA:270,111
DA:281,111
DA:289,111
DA:360,158
DA:365,2
LF:116
LH:106
BRDA:66,0,0,110
BRDA:67,1,0,110
BRDA:68,2,0,111
BRDA:73,3,0,110
BRDA:74,4,0,110
BRDA:77,5,0,111
BRDA:78,6,0,43
BRDA:81,7,0,111
BRDA:82,8,0,91
BRDA:95,9,0,12
BRDA:95,9,1,99
BRDA:97,10,0,2
BRDA:97,10,1,109
BRDA:101,11,0,52
BRDA:101,11,1,59
BRDA:101,12,0,111
BRDA:101,12,1,111
BRDA:103,13,0,48
BRDA:106,14,0,40
BRDA:106,14,1,38
BRDA:114,15,0,1
BRDA:114,16,0,3
BRDA:114,16,1,3
BRDA:119,17,0,18
BRDA:131,18,0,24
BRDA:134,19,0,1
BRDA:142,20,0,18
BRDA:147,21,0,7
BRDA:149,22,0,7
BRDA:149,22,1,0
BRDA:151,23,0,0
BRDA:151,23,1,0
BRDA:158,24,0,5
BRDA:163,25,0,3
BRDA:163,26,0,19
BRDA:163,26,1,3
BRDA:169,27,0,14
BRDA:175,28,0,3
BRDA:176,29,0,1
BRDA:176,30,0,3
BRDA:176,30,1,2
BRDA:184,31,0,3
BRDA:184,31,1,0
BRDA:184,31,2,1
BRDA:184,31,3,2
BRDA:184,31,4,0
BRDA:188,32,0,3
BRDA:188,32,1,0
BRDA:194,33,0,0
BRDA:194,33,1,0
BRDA:199,34,0,1
BRDA:199,35,0,1
BRDA:199,35,1,1
BRDA:215,36,0,1
BRDA:217,37,0,1
BRDA:224,38,0,1
BRDA:226,39,0,2
BRDA:230,40,0,1
BRDA:234,41,0,2
BRDA:244,42,0,1
BRDA:244,43,0,1
BRDA:244,43,1,1
BRDA:244,43,2,1
BRDA:250,44,0,1
BRDA:251,45,0,0
BRDA:256,46,0,1
BRDA:259,47,0,1
BRDA:266,48,0,111
BRDA:266,48,1,97
BRDA:272,49,0,16
BRDA:272,49,1,95
BRDA:273,50,0,3
BRDA:273,50,1,108
BRDA:274,51,0,1
BRDA:274,51,1,110
BRDA:275,52,0,71
BRDA:275,52,1,40
BRDA:283,53,0,16
BRDA:283,53,1,95
BRDA:284,54,0,3
BRDA:284,54,1,108
BRDA:291,55,0,111
BRDA:291,55,1,1
BRDA:317,56,0,111
BRDA:317,56,1,52
BRDA:333,57,0,71
BRDA:333,57,1,40
BRDA:352,58,0,111
BRDA:352,58,1,71
BRDA:352,58,2,47
BRDA:363,59,0,6
BRDA:363,59,1,152
BRDA:364,60,0,29
BRDA:364,60,1,129
BRDA:376,61,0,111
BRDA:376,61,1,16
BRDA:382,62,0,111
BRDA:382,62,1,3
BRDA:382,62,2,2
BRDA:388,63,0,111
BRDA:388,63,1,1
BRDA:388,63,2,1
BRDA:388,63,3,1
BRF:103
BRH:94
end_of_record
TN:
SF:src/components/AiTextArea/AiTextArea.tsx
FN:35,(anonymous_9)
FN:59,(anonymous_10)
FN:83,(anonymous_11)
FN:89,(anonymous_12)
FNF:4
FNH:4
FNDA:8,(anonymous_9)
FNDA:2,(anonymous_10)
FNDA:1,(anonymous_11)
FNDA:1,(anonymous_12)
DA:1,1
DA:2,1
DA:3,1
DA:4,1
DA:35,1
DA:53,8
DA:54,8
DA:56,8
DA:57,8
DA:59,8
DA:60,2
DA:62,2
DA:63,2
DA:67,2
DA:68,1
DA:69,1
DA:70,1
DA:71,0
DA:72,0
DA:74,0
DA:78,2
DA:79,1
DA:83,8
DA:84,1
DA:85,1
DA:89,8
DA:90,1
DA:91,1
DA:92,0
DA:94,1
DA:95,1
DA:96,1
DA:98,1
DA:99,1
DA:104,8
DA:105,8
DA:106,8
DA:108,8
DA:118,8
DA:126,8
LF:40
LH:36
BRDA:41,0,0,8
BRDA:42,1,0,8
BRDA:46,2,0,8
BRDA:47,3,0,8
BRDA:50,4,0,0
BRDA:56,5,0,1
BRDA:56,5,1,7
BRDA:62,6,0,2
BRDA:67,7,0,1
BRDA:69,8,0,1
BRDA:69,8,1,0
BRDA:71,9,0,0
BRDA:71,9,1,0
BRDA:78,10,0,1
BRDA:84,11,0,1
BRDA:84,12,0,1
BRDA:84,12,1,1
BRDA:84,12,2,1
BRDA:90,13,0,1
BRDA:91,14,0,0
BRDA:95,15,0,1
BRDA:98,16,0,1
BRDA:104,17,0,8
BRDA:104,17,1,7
BRDA:110,18,0,1
BRDA:110,18,1,7
BRDA:111,19,0,1
BRDA:111,19,1,7
BRDA:112,20,0,0
BRDA:112,20,1,8
BRDA:120,21,0,1
BRDA:120,21,1,7
BRDA:121,22,0,1
BRDA:121,22,1,7
BRDA:128,23,0,8
BRDA:128,23,1,0
BRDA:145,24,0,8
BRDA:145,24,1,3
BRDA:170,25,0,8
BRDA:170,25,1,1
BRDA:176,26,0,8
BRDA:176,26,1,1
BRDA:176,26,2,1
BRDA:182,27,0,8
BRDA:182,27,1,0
BRDA:182,27,2,0
BRDA:182,27,3,0
BRF:47
BRH:37
end_of_record
TN:
SF:src/components/AiTextBox/AiTextBox.tsx
FN:35,(anonymous_9)
FN:59,(anonymous_10)
FN:83,(anonymous_11)
FN:89,(anonymous_12)
FNF:4
FNH:4
FNDA:50,(anonymous_9)
FNDA:31,(anonymous_10)
FNDA:1,(anonymous_11)
FNDA:1,(anonymous_12)
DA:1,1
DA:2,1
DA:3,1
DA:4,1
DA:35,1
DA:53,50
DA:54,50
DA:56,50
DA:57,50
DA:59,50
DA:60,31
DA:62,31
DA:63,29
DA:67,31
DA:68,7
DA:69,7
DA:70,3
DA:71,4
DA:72,4
DA:74,0
DA:78,31
DA:79,10
DA:83,50
DA:84,1
DA:85,1
DA:89,50
DA:90,1
DA:91,1
DA:92,1
DA:94,1
DA:95,1
DA:96,1
DA:98,1
DA:99,1
DA:103,50
DA:104,50
DA:105,50
DA:107,50
DA:117,50
DA:125,50
LF:40
LH:39
BRDA:41,0,0,49
BRDA:42,1,0,49
BRDA:46,2,0,49
BRDA:47,3,0,49
BRDA:50,4,0,50
BRDA:56,5,0,3
BRDA:56,5,1,47
BRDA:62,6,0,29
BRDA:67,7,0,7
BRDA:69,8,0,3
BRDA:69,8,1,4
BRDA:71,9,0,4
BRDA:71,9,1,0
BRDA:78,10,0,10
BRDA:84,11,0,1
BRDA:84,12,0,1
BRDA:84,12,1,1
BRDA:84,12,2,1
BRDA:90,13,0,1
BRDA:91,14,0,1
BRDA:95,15,0,1
BRDA:98,16,0,1
BRDA:103,17,0,50
BRDA:103,17,1,43
BRDA:109,18,0,9
BRDA:109,18,1,41
BRDA:110,19,0,2
BRDA:110,19,1,48
BRDA:111,20,0,1
BRDA:111,20,1,49
BRDA:119,21,0,9
BRDA:119,21,1,41
BRDA:120,22,0,2
BRDA:120,22,1,48
BRDA:127,23,0,50
BRDA:127,23,1,1
BRDA:145,24,0,50
BRDA:145,24,1,32
BRDA:170,25,0,50
BRDA:170,25,1,9
BRDA:176,26,0,50
BRDA:176,26,1,2
BRDA:176,26,2,1
BRDA:182,27,0,50
BRDA:182,27,1,2
BRDA:182,27,2,1
BRDA:182,27,3,1
BRF:47
BRH:46
end_of_record
TN:
SF:src/components/IconButton/IconButton.tsx
FN:20,(anonymous_1)
FN:31,(anonymous_2)
FNF:2
FNH:2
FNDA:316,(anonymous_1)
FNDA:10,(anonymous_2)
DA:1,5
DA:2,5
DA:3,5
DA:20,5
DA:31,316
DA:32,10
DA:33,10
DA:37,316
DA:43,316
DA:52,316
LF:10
LH:10
BRDA:21,0,0,11
BRDA:22,1,0,150
BRDA:26,2,0,11
BRDA:32,3,0,10
BRDA:32,4,0,10
BRDA:32,4,1,10
BRDA:32,4,2,10
BRDA:45,5,0,15
BRDA:45,5,1,301
BRDA:46,6,0,6
BRDA:46,6,1,310
BRDA:59,7,0,316
BRDA:59,7,1,310
BRDA:62,8,0,15
BRDA:62,8,1,301
BRF:15
BRH:15
end_of_record
TN:
SF:src/components/ThemeToggle/ThemeToggle.tsx
FN:40,(anonymous_1)
FN:47,(anonymous_2)
FN:64,(anonymous_3)
FN:72,(anonymous_4)
FNF:4
FNH:4
FNDA:9,(anonymous_1)
FNDA:2,(anonymous_2)
FNDA:27,(anonymous_3)
FNDA:2,(anonymous_4)
DA:1,1
DA:2,1
DA:3,1
DA:4,1
DA:5,1
DA:16,1
DA:34,1
DA:40,1
DA:45,9
DA:47,9
DA:48,2
DA:51,9
DA:53,9
DA:62,9
DA:65,27
DA:66,27
DA:68,27
DA:72,2
LF:18
LH:18
BRDA:41,0,0,6
BRDA:42,1,0,6
BRDA:43,2,0,7
BRDA:55,3,0,2
BRDA:55,3,1,7
BRDA:79,4,0,27
BRDA:79,4,1,6
BRDA:80,5,0,2
BRDA:80,5,1,4
BRF:9
BRH:9
end_of_record
TN:
SF:src/providers/ThemeProvider.tsx
FN:19,(anonymous_9)
FN:28,(anonymous_10)
FN:36,(anonymous_11)
FN:37,(anonymous_12)
FN:62,(anonymous_13)
FN:69,(anonymous_14)
FN:72,(anonymous_15)
FN:90,(anonymous_16)
FNF:8
FNH:7
FNDA:17,(anonymous_9)
FNDA:7,(anonymous_10)
FNDA:10,(anonymous_11)
FNDA:10,(anonymous_12)
FNDA:0,(anonymous_13)
FNDA:10,(anonymous_14)
FNDA:2,(anonymous_15)
FNDA:20,(anonymous_16)
DA:1,2
DA:11,2
DA:19,2
DA:24,17
DA:25,17
DA:28,17
DA:29,7
DA:30,7
DA:31,1
DA:36,17
DA:37,10
DA:40,10
DA:41,3
DA:43,7
DA:46,10
DA:49,10
DA:52,10
DA:53,10
DA:54,10
DA:58,10
DA:61,10
DA:62,10
DA:63,0
DA:64,0
DA:68,10
DA:69,10
DA:72,17
DA:73,2
DA:74,2
DA:77,17
DA:83,17
DA:90,2
DA:91,20
DA:92,19
DA:93,2
DA:95,17
LF:36
LH:34
BRDA:21,0,0,0
BRDA:22,1,0,0
BRDA:30,2,0,1
BRDA:30,3,0,7
BRDA:30,3,1,1
BRDA:40,4,0,3
BRDA:40,4,1,7
BRDA:41,5,0,3
BRDA:41,5,1,0
BRDA:53,6,0,10
BRDA:54,7,0,7
BRDA:54,7,1,3
BRDA:63,8,0,0
BRDA:92,9,0,2
BRF:14
BRH:10
end_of_record
TN:
SF:src/utils/theme.ts
FN:10,(anonymous_0)
FN:24,(anonymous_1)
FN:37,(anonymous_2)
FN:46,(anonymous_3)
FN:53,(anonymous_4)
FN:68,(anonymous_5)
FN:78,(anonymous_6)
FN:79,(anonymous_7)
FN:82,(anonymous_8)
FN:89,(anonymous_9)
FN:103,(anonymous_10)
FN:114,(anonymous_11)
FNF:12
FNH:10
FNDA:4,(anonymous_0)
FNDA:3,(anonymous_1)
FNDA:5,(anonymous_2)
FNDA:6,(anonymous_3)
FNDA:4,(anonymous_4)
FNDA:2,(anonymous_5)
FNDA:1,(anonymous_6)
FNDA:0,(anonymous_7)
FNDA:0,(anonymous_8)
FNDA:1,(anonymous_9)
FNDA:2,(anonymous_10)
FNDA:2,(anonymous_11)
DA:10,1
DA:11,4
DA:13,4
DA:14,4
DA:15,4
DA:17,0
DA:24,1
DA:25,3
DA:27,3
DA:28,3
DA:37,1
DA:38,5
DA:40,5
DA:46,1
DA:47,6
DA:53,1
DA:54,4
DA:56,4
DA:59,4
DA:60,4
DA:61,4
DA:68,1
DA:69,2
DA:70,2
DA:71,2
DA:72,2
DA:78,1
DA:79,1
DA:81,1
DA:82,1
DA:83,0
DA:86,1
DA:89,1
DA:95,1
DA:103,1
DA:104,2
DA:106,2
DA:114,1
DA:115,2
DA:117,2
LF:40
LH:38
BRDA:10,0,0,0
BRDA:11,1,0,0
BRDA:15,2,0,3
BRDA:15,2,1,1
BRDA:15,3,0,4
BRDA:15,3,1,3
BRDA:24,4,0,0
BRDA:25,5,0,0
BRDA:38,6,0,0
BRDA:40,7,0,3
BRDA:40,7,1,2
BRDA:47,8,0,3
BRDA:47,8,1,3
BRDA:54,9,0,0
BRDA:60,10,0,4
BRDA:61,11,0,3
BRDA:61,11,1,1
BRDA:68,12,0,0
BRDA:68,13,0,0
BRDA:69,14,0,2
BRDA:69,14,1,0
BRDA:79,15,0,0
BRDA:83,16,0,0
BRDA:83,16,1,0
BRDA:104,17,0,0
BRDA:106,18,0,2
BRDA:106,18,1,1
BRDA:115,19,0,0
BRDA:117,20,0,2
BRDA:117,20,1,1
BRF:30
BRH:16
end_of_record
